2024-03-29 13:46:10,048 INFO  [org.jboss.modules] (main) JBoss Modules version 2.1.2.Final
2024-03-29 13:46:16,443 INFO  [org.jboss.msc] (main) JBoss MSC version 1.5.2.Final
2024-03-29 13:46:16,468 INFO  [org.jboss.threads] (main) JBoss Threads version 2.4.0.Final
2024-03-29 13:46:16,818 INFO  [org.jboss.as] (MSC service thread 1-1) WFLYSRV0049: WildFly Full 31.0.1.Final (WildFly Core 23.0.3.Final) starting
2024-03-29 13:46:16,820 DEBUG [org.jboss.as.config] (MSC service thread 1-1) Configured system properties:
	file.encoding = UTF-8
	file.separator = /
	ftp.nonProxyHosts = local|*.local|169.254/16|*.169.254/16
	http.nonProxyHosts = local|*.local|169.254/16|*.169.254/16
	java.awt.headless = true
	java.class.path = /Users/Nexus/Desktop/flexgym/wildfly-31.0.1.Final/jboss-modules.jar
	java.class.version = 61.0
	java.home = /Applications/Eclipse.app/Contents/Eclipse/plugins/org.eclipse.justj.openjdk.hotspot.jre.full.macosx.x86_64_17.0.10.v20240120-1143/jre
	java.io.tmpdir = /var/folders/zg/d19952hd1p9_r7ygmjtyp_th0000gp/T/
	java.library.path = /Users/Nexus/Library/Java/Extensions:/Library/Java/Extensions:/Network/Library/Java/Extensions:/System/Library/Java/Extensions:/usr/lib/java:.
	java.net.preferIPv4Stack = true
	java.runtime.name = OpenJDK Runtime Environment
	java.runtime.version = 17.0.10+7
	java.specification.name = Java Platform API Specification
	java.specification.vendor = Oracle Corporation
	java.specification.version = 17
	java.util.logging.manager = org.jboss.logmanager.LogManager
	java.vendor = Eclipse Adoptium
	java.vendor.url = https://adoptium.net/
	java.vendor.url.bug = https://github.com/adoptium/adoptium-support/issues
	java.vendor.version = Temurin-17.0.10+7
	java.version = 17.0.10
	java.version.date = 2024-01-16
	java.vm.compressedOopsMode = Zero based
	java.vm.info = mixed mode
	java.vm.name = OpenJDK 64-Bit Server VM
	java.vm.specification.name = Java Virtual Machine Specification
	java.vm.specification.vendor = Oracle Corporation
	java.vm.specification.version = 17
	java.vm.vendor = Eclipse Adoptium
	java.vm.version = 17.0.10+7
	javax.management.builder.initial = org.jboss.as.jmx.PluggableMBeanServerBuilder
	jboss.bind.address = localhost
	jboss.bind.address.management = localhost
	jboss.home.dir = /Users/Nexus/Desktop/flexgym/wildfly-31.0.1.Final
	jboss.host.name = nexus
	jboss.modules.system.pkgs = org.jboss.byteman
	jboss.node.name = nexus
	jboss.qualified.host.name = nexus.local
	jboss.server.base.dir = /Users/Nexus/Desktop/flexgym/wildfly-31.0.1.Final/standalone
	jboss.server.config.dir = /Users/Nexus/Desktop/flexgym/wildfly-31.0.1.Final/standalone/configuration
	jboss.server.data.dir = /Users/Nexus/Desktop/flexgym/wildfly-31.0.1.Final/standalone/data
	jboss.server.log.dir = /Users/Nexus/Desktop/flexgym/wildfly-31.0.1.Final/standalone/log
	jboss.server.name = nexus
	jboss.server.persist.config = true
	jboss.server.temp.dir = /Users/Nexus/Desktop/flexgym/wildfly-31.0.1.Final/standalone/tmp
	jdk.debug = release
	line.separator = 

	logging.configuration = file:/Users/Nexus/Desktop/flexgym/wildfly-31.0.1.Final/standalone/configuration/logging.properties
	module.path = /Users/Nexus/Desktop/flexgym/wildfly-31.0.1.Final/modules
	native.encoding = UTF-8
	org.jboss.boot.log.file = /Users/Nexus/Desktop/flexgym/wildfly-31.0.1.Final/standalone/log/boot.log
	org.jboss.logmanager.nocolor = true
	org.jboss.resolver.warning = true
	os.arch = x86_64
	os.name = Mac OS X
	os.version = 12.3
	path.separator = :
	program.name = JBossTools: WildFly 27.0 Runtime Server
	socksNonProxyHosts = local|*.local|169.254/16|*.169.254/16
	stderr.encoding = UTF-8
	stdout.encoding = UTF-8
	sun.arch.data.model = 64
	sun.boot.library.path = /Applications/Eclipse.app/Contents/Eclipse/plugins/org.eclipse.justj.openjdk.hotspot.jre.full.macosx.x86_64_17.0.10.v20240120-1143/jre/lib
	sun.cpu.endian = little
	sun.io.unicode.encoding = UnicodeBig
	sun.java.command = org.jboss.modules.Main -mp /Users/Nexus/Desktop/flexgym/wildfly-31.0.1.Final/modules org.jboss.as.standalone -b localhost --server-config=standalone.xml -Djboss.server.base.dir=/Users/Nexus/Desktop/flexgym/wildfly-31.0.1.Final/standalone
	sun.java.launcher = SUN_STANDARD
	sun.jnu.encoding = UTF-8
	sun.management.compiler = HotSpot 64-Bit Tiered Compilers
	sun.rmi.dgc.client.gcInterval = 3600000
	sun.rmi.dgc.server.gcInterval = 3600000
	user.country = GB
	user.dir = /Users/Nexus/Desktop/flexgym/wildfly-31.0.1.Final/bin
	user.home = /Users/Nexus
	user.language = en
	user.name = Nexus
	user.timezone = Africa/Tunis
2024-03-29 13:46:16,821 DEBUG [org.jboss.as.config] (MSC service thread 1-1) VM Arguments: -Dprogram.name=JBossTools: WildFly 27.0 Runtime Server -Xms1303m -Xmx1303m -XX:MetaspaceSize=96M -XX:MaxMetaspaceSize=256m -Dorg.jboss.resolver.warning=true -Djava.net.preferIPv4Stack=true -Dsun.rmi.dgc.client.gcInterval=3600000 -Dsun.rmi.dgc.server.gcInterval=3600000 -Djboss.modules.system.pkgs=org.jboss.byteman -Djava.awt.headless=true -Dorg.jboss.boot.log.file=/Users/Nexus/Desktop/flexgym/wildfly-31.0.1.Final/standalone/log/boot.log -Dlogging.configuration=file:/Users/Nexus/Desktop/flexgym/wildfly-31.0.1.Final/standalone/configuration/logging.properties -Djboss.home.dir=/Users/Nexus/Desktop/flexgym/wildfly-31.0.1.Final -Dorg.jboss.logmanager.nocolor=true --add-exports=java.desktop/sun.awt=ALL-UNNAMED --add-exports=java.naming/com.sun.jndi.ldap=ALL-UNNAMED --add-opens=java.base/java.lang=ALL-UNNAMED --add-opens=java.base/java.lang.invoke=ALL-UNNAMED --add-opens=java.base/java.lang.reflect=ALL-UNNAMED --add-opens=java.base/java.io=ALL-UNNAMED --add-opens=java.base/java.security=ALL-UNNAMED --add-opens=java.base/java.util=ALL-UNNAMED --add-opens=java.base/java.util.concurrent=ALL-UNNAMED --add-opens=java.management/javax.management=ALL-UNNAMED --add-opens=java.naming/javax.naming=ALL-UNNAMED --add-exports=java.base/sun.nio.ch=ALL-UNNAMED --add-exports=jdk.unsupported/sun.misc=ALL-UNNAMED --add-exports=jdk.unsupported/sun.reflect=ALL-UNNAMED --add-modules=java.se -Djboss.bind.address.management=localhost -Dfile.encoding=UTF-8 -Dstdout.encoding=UTF-8 -Dstderr.encoding=UTF-8 -XX:+ShowCodeDetailsInExceptionMessages 
2024-03-29 13:46:18,279 INFO  [org.wildfly.security] (ServerService Thread Pool -- 15) ELY00001: WildFly Elytron version 2.2.3.Final
2024-03-29 13:46:19,478 INFO  [org.jboss.as.controller.management-deprecated] (ServerService Thread Pool -- 6) WFLYCTL0028: Attribute 'cluster' in the resource at address '/subsystem=ejb3/service=remote' is deprecated, and may be removed in a future version. See the attribute description in the output of the read-resource-description operation to learn more about the deprecation.
2024-03-29 13:46:19,623 INFO  [org.jboss.as.server] (Controller Boot Thread) WFLYSRV0039: Creating http management service using socket-binding (management-http)
2024-03-29 13:46:19,654 INFO  [org.xnio] (MSC service thread 1-3) XNIO version 3.8.13.Final
2024-03-29 13:46:19,667 INFO  [org.xnio.nio] (MSC service thread 1-3) XNIO NIO Implementation Version 3.8.13.Final
2024-03-29 13:46:19,734 INFO  [org.jboss.remoting] (MSC service thread 1-4) JBoss Remoting version 5.0.28.Final
2024-03-29 13:46:19,803 INFO  [org.jboss.as.connector.subsystems.datasources] (ServerService Thread Pool -- 44) WFLYJCA0004: Deploying JDBC-compliant driver class org.h2.Driver (version 2.2)
2024-03-29 13:46:19,884 INFO  [org.wildfly.extension.elytron.oidc._private] (ServerService Thread Pool -- 53) WFLYOIDC0001: Activating WildFly Elytron OIDC Subsystem
2024-03-29 13:46:19,900 INFO  [org.wildfly.extension.health] (ServerService Thread Pool -- 54) WFLYHEALTH0001: Activating Base Health Subsystem
2024-03-29 13:46:19,918 INFO  [org.jboss.as.clustering.infinispan] (ServerService Thread Pool -- 55) WFLYCLINF0001: Activating Infinispan subsystem.
2024-03-29 13:46:19,933 INFO  [org.wildfly.extension.io] (ServerService Thread Pool -- 56) WFLYIO001: Worker 'default' has auto-configured to 8 IO threads with 64 max task threads based on your 4 available processors
2024-03-29 13:46:19,945 INFO  [org.jboss.as.connector] (MSC service thread 1-2) WFLYJCA0009: Starting Jakarta Connectors Subsystem (WildFly/IronJacamar 3.0.8.Final)
2024-03-29 13:46:19,948 INFO  [org.jboss.as.connector.deployers.jdbc] (MSC service thread 1-2) WFLYJCA0018: Started Driver service with driver-name = h2
2024-03-29 13:46:19,961 INFO  [org.jboss.as.jaxrs] (ServerService Thread Pool -- 57) WFLYRS0016: RESTEasy version 6.2.7.Final
2024-03-29 13:46:20,088 INFO  [org.jboss.as.naming] (ServerService Thread Pool -- 67) WFLYNAM0001: Activating Naming Subsystem
2024-03-29 13:46:20,086 WARN  [org.jboss.as.txn] (ServerService Thread Pool -- 74) WFLYTX0013: The node-identifier attribute on the /subsystem=transactions is set to the default value. This is a danger for environments running multiple servers. Please make sure the attribute value is unique.
2024-03-29 13:46:20,092 INFO  [org.wildfly.extension.microprofile.config.smallrye] (ServerService Thread Pool -- 65) WFLYCONF0001: Activating MicroProfile Config Subsystem
2024-03-29 13:46:20,099 INFO  [org.wildfly.extension.microprofile.jwt.smallrye] (ServerService Thread Pool -- 66) WFLYJWT0001: Activating MicroProfile JWT Subsystem
2024-03-29 13:46:20,116 INFO  [org.jboss.as.jsf] (ServerService Thread Pool -- 62) WFLYJSF0007: Activated the following Jakarta Server Faces Implementations: [main]
2024-03-29 13:46:20,119 INFO  [org.jboss.as.webservices] (ServerService Thread Pool -- 76) WFLYWS0002: Activating WebServices Extension
2024-03-29 13:46:20,120 INFO  [org.wildfly.extension.metrics] (ServerService Thread Pool -- 64) WFLYMETRICS0001: Activating Base Metrics Subsystem
2024-03-29 13:46:20,175 INFO  [org.jboss.as.naming] (MSC service thread 1-4) WFLYNAM0003: Starting Naming Service
2024-03-29 13:46:20,218 WARN  [org.wildfly.extension.elytron] (MSC service thread 1-1) WFLYELY00023: KeyStore file '/Users/Nexus/Desktop/flexgym/wildfly-31.0.1.Final/standalone/configuration/application.keystore' does not exist. Used blank.
2024-03-29 13:46:20,253 INFO  [org.jboss.as.mail.extension] (MSC service thread 1-6) WFLYMAIL0001: Bound mail session [java:jboss/mail/Default]
2024-03-29 13:46:20,259 WARN  [org.wildfly.extension.elytron] (MSC service thread 1-6) WFLYELY01084: KeyStore /Users/Nexus/Desktop/flexgym/wildfly-31.0.1.Final/standalone/configuration/application.keystore not found, it will be auto-generated on first use with a self-signed certificate for host localhost
2024-03-29 13:46:20,357 INFO  [org.wildfly.extension.undertow] (MSC service thread 1-3) WFLYUT0003: Undertow 2.3.12.Final starting
2024-03-29 13:46:20,475 INFO  [org.jboss.as.ejb3] (MSC service thread 1-1) WFLYEJB0482: Strict pool mdb-strict-max-pool is using a max instance size of 16 (per class), which is derived from the number of CPUs on this host.
2024-03-29 13:46:20,481 INFO  [org.jboss.as.ejb3] (MSC service thread 1-2) WFLYEJB0481: Strict pool slsb-strict-max-pool is using a max instance size of 64 (per class), which is derived from thread worker pool sizing.
2024-03-29 13:46:20,580 INFO  [org.wildfly.extension.undertow] (MSC service thread 1-2) WFLYUT0012: Started server default-server.
2024-03-29 13:46:20,584 INFO  [org.wildfly.extension.undertow] (MSC service thread 1-7) Queuing requests.
2024-03-29 13:46:20,587 INFO  [org.wildfly.extension.undertow] (MSC service thread 1-7) WFLYUT0018: Host default-host starting
2024-03-29 13:46:20,580 INFO  [org.wildfly.extension.undertow] (ServerService Thread Pool -- 75) WFLYUT0014: Creating file handler for path '/Users/Nexus/Desktop/flexgym/wildfly-31.0.1.Final/welcome-content' with options [directory-listing: 'false', follow-symlink: 'false', case-sensitive: 'true', safe-symlink-paths: '[]']
2024-03-29 13:46:20,682 INFO  [org.wildfly.extension.undertow] (MSC service thread 1-2) WFLYUT0006: Undertow HTTP listener default listening on 127.0.0.1:8080
2024-03-29 13:46:20,885 INFO  [org.wildfly.extension.undertow] (MSC service thread 1-7) WFLYUT0006: Undertow HTTPS listener https listening on 127.0.0.1:8443
